<?xml version="1.0" encoding="UTF-8"?>
<!-- Generated by org.testng.reporters.JUnitReportReporter -->
<testsuite skipped="0" hostname="Anubhavs-MacBook-Pro.local" name="anubhavpractice.E2EProject.HomePage" tests="1" failures="0" timestamp="2021-06-29T18:34:13 IST" time="9.187" errors="0">
  <testcase name="basePageNavigation" time="9.187" classname="anubhavpractice.E2EProject.HomePage"/>
  <system-out/>
</testsuite> <!-- anubhavpractice.E2EProject.HomePage -->
