<?xml version="1.0" encoding="UTF-8"?>
<!-- Generated by org.testng.reporters.JUnitReportReporter -->
<testsuite skipped="0" hostname="Anubhavs-MacBook-Pro.local" name="anubhavpractice.E2EProject.testing" tests="1" failures="0" timestamp="2021-06-29T22:06:01 IST" time="0.043" errors="0">
  <testcase name="testing123" time="0.043" classname="anubhavpractice.E2EProject.testing"/>
  <system-out/>
</testsuite> <!-- anubhavpractice.E2EProject.testing -->
