<?xml version="1.0" encoding="UTF-8"?>
<!-- Generated by org.testng.reporters.JUnitReportReporter -->
<testsuite skipped="0" hostname="Anubhavs-MacBook-Pro.local" name="anubhavpractice.E2EProject.LoginTest" tests="2" failures="0" timestamp="2021-06-30T00:47:01 IST" time="22.461" errors="0">
  <testcase name="basePageNavigation" time="11.804" classname="anubhavpractice.E2EProject.LoginTest"/>
  <system-out/>
  <testcase name="basePageNavigation" time="10.657" classname="anubhavpractice.E2EProject.LoginTest"/>
  <system-out/>
</testsuite> <!-- anubhavpractice.E2EProject.LoginTest -->
