<?xml version="1.0" encoding="UTF-8"?>
<!-- Generated by org.testng.reporters.JUnitReportReporter -->
<testsuite skipped="0" hostname="Anubhavs-MacBook-Pro.local" name="anubhavpractice.E2EProject.LoginTest" tests="2" failures="0" timestamp="2021-06-30T17:00:22 IST" time="21.354" errors="0">
  <testcase name="basePageNavigation" time="11.695" classname="anubhavpractice.E2EProject.LoginTest"/>
  <system-out/>
  <testcase name="basePageNavigation" time="9.659" classname="anubhavpractice.E2EProject.LoginTest"/>
  <system-out/>
</testsuite> <!-- anubhavpractice.E2EProject.LoginTest -->
